<?xml version="1.0" encoding="UTF-8"?>
<!-- Generated by org.testng.reporters.JUnitReportReporter -->
<testsuite hostname="DESKTOP-9NOAQUM" failures="0" tests="1" name="automation.LoginTest" time="7.391" errors="0" timestamp="2025-08-04T19:58:20 IST" skipped="0">
  <testcase classname="automation.LoginTest" name="loginWith_ValidEmail_WrongPassCredentials" time="7.391"/>
</testsuite> <!-- automation.LoginTest -->
